Page   1  Potato1.stm

    LC  Object    Line  Source Line
------  --------  ----  -------------------------------------------------------------
0X0000               1  ;--------------------------------------------------------------
0X0000               2  ; Potato1.stm
0X0000               3  ;--------------------------------------------------------------
0X0000               4  ; SVC numbers
0X0000               5  SVC_DONOTHING          EQU       0D0                  ; force context switch
0X0000               6  SVC_TERMINATE          EQU       0D1
0X0000               7  SVC_READ_INTEGER       EQU       0D10
0X0000               8  SVC_WRITE_INTEGER      EQU       0D11
0X0000               9  SVC_READ_FLOAT         EQU       0D20
0X0000              10  SVC_WRITE_FLOAT        EQU       0D21
0X0000              11  SVC_READ_BOOLEAN       EQU       0D30
0X0000              12  SVC_WRITE_BOOLEAN      EQU       0D31
0X0000              13  SVC_READ_CHARACTER     EQU       0D40
0X0000              14  SVC_WRITE_CHARACTER    EQU       0D41
0X0000              15  SVC_WRITE_ENDL         EQU       0D42
0X0000              16  SVC_READ_STRING        EQU       0D50
0X0000              17  SVC_WRITE_STRING       EQU       0D51
0X0000              18  SVC_INITIALIZE_HEAP    EQU       0D90
0X0000              19  SVC_ALLOCATE_BLOCK     EQU       0D91
0X0000              20  SVC_DEALLOCATE_BLOCK   EQU       0D92
0X0000              21  
0X0000              22                         ORG       0X0000
0X0000              23  
0X0000  800003      24                         JMP       PROGRAMMAIN
0X0003              25  ;    1 ||------------------------------------------------------------
0X0003              26  ;    2 || Auroxsus
0X0003              27  ;    3 || Description: sample print statments
0X0003              28  ;    4 || Potato1.p
0X0003              29  ;    5 ||------------------------------------------------------------
0X0003              30  ;    6 crisp mainCrisp () {
0X0003              31  ;    7   
0X0003              32  ; **** =========
0X0003              33  ; **** PROGRAM module (   6)
0X0003              34  ; **** =========
0X0003              35  PROGRAMMAIN            EQU       *
0X0003  0100FFFE    36                         PUSH      #RUNTIMESTACK        ; set SP
0X0007  0A          37                         POPSP     
0X0008  0201010F    38                         PUSHA     STATICDATA           ; set SB
0X000C  0C          39                         POPSB     
0X000D  01000497    40                         PUSH      #HEAPBASE            ; initialize heap
0X0011  01002000    41                         PUSH      #HEAPSIZE
0X0015  FF005A      42                         SVC       #SVC_INITIALIZE_HEAP
0X0018  A0002C      43                         CALL      PROGRAMBODY0010
0X001B  020A0000    44                         PUSHA     SB:0D0
0X001F  FF0033      45                         SVC       #SVC_WRITE_STRING
0X0022  FF002A      46                         SVC       #SVC_WRITE_ENDL
0X0025  01000000    47                         PUSH      #0D0                 ; terminate with status = 0
0X0029  FF0001      48                         SVC       #SVC_TERMINATE
0X002C              49  PROGRAMBODY0010        EQU       *
0X002C              50  ;    8   |[
0X002C              51  ;    9    || example 1 
0X002C              52  ;   10    bite "\"What's up, spud!\"\n";
0X002C              53  ;   11    
0X002C              54  ;   12    || example 2
0X002C              55  ;   13    bite "\"What's up, spud!\"", ENDL;
0X002C              56  ;   14    
Page   2  Potato1.stm

    LC  Object    Line  Source Line
------  --------  ----  -------------------------------------------------------------
0X002C              57  ;   15    || example 3
0X002C              58  ;   16    bite "\"What's up";
0X002C              59  ;   17    bite ",", " ", "spud", "!\"";
0X002C              60  ;   18    bite ENDL;
0X002C              61  ;   19    ]|
0X002C              62  ;   20    
0X002C              63  ;   21    || example 1: Simple string with newline escape sequence
0X002C              64  ;   22    bite "\"Hello, Spud World!\"\n";
0X002C              65  ;   23 
0X002C              66  ;   24    || example 2: String followed by explicit ENDL for a newline
0X002C              67  ; **** PRINT statement (  22)
0X002C              68  ;   25    bite "\"Welcome to Potato Land!\"", ENDL;
0X002C  020A001C    69                         PUSHA     SB:0D28
0X0030  FF0033      70                         SVC       #SVC_WRITE_STRING
0X0033              71  ; **** PRINT statement (  25)
0X0033              72  ;   26 
0X0033              73  ;   27    || example 3: Concatenated string with spaces and punctuation
0X0033  020A0036    74                         PUSHA     SB:0D54
0X0037  FF0033      75                         SVC       #SVC_WRITE_STRING
0X003A              76  ;   28    bite "\"Potatoes", " are ", "great!\"", ENDL;
0X003A  FF002A      77                         SVC       #SVC_WRITE_ENDL
0X003D              78  ; **** PRINT statement (  28)
0X003D  020A0053    79                         PUSHA     SB:0D83
0X0041  FF0033      80                         SVC       #SVC_WRITE_STRING
0X0044  020A005F    81                         PUSHA     SB:0D95
0X0048  FF0033      82                         SVC       #SVC_WRITE_STRING
0X004B              83  ;   29 
0X004B              84  ;   30    || example 4: Quotation marks within a string
0X004B  020A0066    85                         PUSHA     SB:0D102
0X004F  FF0033      86                         SVC       #SVC_WRITE_STRING
0X0052              87  ;   31    bite "\"The farmer exclaimed, \\\"Harvest time!\\\"\"", ENDL;
0X0052  FF002A      88                         SVC       #SVC_WRITE_ENDL
0X0055              89  ; **** PRINT statement (  31)
0X0055              90  ;   32 
0X0055              91  ;   33    || example 5: Multi-line list formatting using escape sequences
0X0055  020A0070    92                         PUSHA     SB:0D112
0X0059  FF0033      93                         SVC       #SVC_WRITE_STRING
0X005C              94  ;   34    bite "\"Types of Potatoes:\n1. Yukon Gold\n2. Russet\n3. Sweet Potato\"", ENDL;
0X005C  FF002A      95                         SVC       #SVC_WRITE_ENDL
0X005F              96  ; **** PRINT statement (  34)
0X005F              97  ;   35 
0X005F              98  ;   36    || example 6: Mixing escape sequences for formatting
0X005F  020A00A1    99                         PUSHA     SB:0D161
0X0063  FF0033     100                         SVC       #SVC_WRITE_STRING
0X0066             101  ;   37    bite "\"Menu:\tPotato Fries\n\tPotato Wedges\n\tMashed Potatoes\"", ENDL;
0X0066  FF002A     102                         SVC       #SVC_WRITE_ENDL
0X0069             103  ; **** PRINT statement (  37)
0X0069             104  ;   38 
0X0069             105  ;   39    || example 7: Using single quotes for a simple message
0X0069  020A00E4   106                         PUSHA     SB:0D228
0X006D  FF0033     107                         SVC       #SVC_WRITE_STRING
0X0070             108  ;   40    bite "'Potatoes are life!'", ENDL;
0X0070  FF002A     109                         SVC       #SVC_WRITE_ENDL
0X0073             110  ; **** PRINT statement (  40)
0X0073             111  ;   41 
0X0073             112  ;   42    || example 8: Currency or symbol within a message
Page   3  Potato1.stm

    LC  Object    Line  Source Line
------  --------  ----  -------------------------------------------------------------
0X0073  020A0121   113                         PUSHA     SB:0D289
0X0077  FF0033     114                         SVC       #SVC_WRITE_STRING
0X007A             115  ;   43    bite "\"Price per lb: $4.99\"", ENDL;
0X007A  FF002A     116                         SVC       #SVC_WRITE_ENDL
0X007D             117  ; **** PRINT statement (  43)
0X007D             118  ;   44 
0X007D             119  ;   45    || example 9: Sentence split across multiple `bite` statements for clarity
0X007D  020A0137   120                         PUSHA     SB:0D311
0X0081  FF0033     121                         SVC       #SVC_WRITE_STRING
0X0084             122  ;   46    bite "\"Let's\"";
0X0084  FF002A     123                         SVC       #SVC_WRITE_ENDL
0X0087             124  ;   47    bite " ", "\"grow\"";
0X0087             125  ; **** PRINT statement (  46)
0X0087  020A0150   126                         PUSHA     SB:0D336
0X008B  FF0033     127                         SVC       #SVC_WRITE_STRING
0X008E             128  ; **** PRINT statement (  47)
0X008E             129  ;   48    bite " ", "\"potatoes!\"", ENDL;
0X008E  020A015B   130                         PUSHA     SB:0D347
0X0092  FF0033     131                         SVC       #SVC_WRITE_STRING
0X0095  020A015E   132                         PUSHA     SB:0D350
0X0099  FF0033     133                         SVC       #SVC_WRITE_STRING
0X009C             134  ; **** PRINT statement (  48)
0X009C  020A0168   135                         PUSHA     SB:0D360
0X00A0  FF0033     136                         SVC       #SVC_WRITE_STRING
0X00A3             137  ;   49 
0X00A3             138  ;   50    || example 10: Using punctuation and formatting in a single line
0X00A3  020A016B   139                         PUSHA     SB:0D363
0X00A7  FF0033     140                         SVC       #SVC_WRITE_STRING
0X00AA             141  ;   51    bite "\"Farm report: \", \"100% potato yield\"", ENDL;
0X00AA  FF002A     142                         SVC       #SVC_WRITE_ENDL
0X00AD             143  ; **** PRINT statement (  51)
0X00AD             144  ;   52 }
0X00AD  020A017A   145                         PUSHA     SB:0D378
0X00B1  FF0033     146                         SVC       #SVC_WRITE_STRING
0X00B4             147  ;   53 
0X00B4             148  ;   54 
0X00B4  FF002A     149                         SVC       #SVC_WRITE_ENDL
0X00B7  A1         150                         RETURN    
0X00B8             151  ; **** =========
0X00B8             152  ; **** END (  54)
0X00B8             153  ; **** =========
0X00B8             154  ;--------------------------------------------------------------
0X00B8             155  ; Common subroutines
0X00B8             156  ;--------------------------------------------------------------
0X00B8             157  CHRIsInRange           EQU       *                    ; CHR,LB,UB,RA
0X00B8  01040002   158                         PUSH      SP:0D2               ; CHR,LB,UB,RA,LB
0X00BC  01040004   159                         PUSH      SP:0D4               ; CHR,LB,UB,RA,LB,CHR
0X00C0  70         160                         CMPI                           ; CHR,LB,UB,RA (set LEG)
0X00C1  8300E0     161                         JMPG      F0030                ; CHR,LB,UB,RA
0X00C4  01040003   162                         PUSH      SP:0D3               ; CHR,LB,UB,RA,CHR
0X00C8  01040002   163                         PUSH      SP:0D2               ; CHR,LB,UB,RA,CHR,UB
0X00CC  70         164                         CMPI                           ; CHR,LB,UB,RA (set LEG)
0X00CD  8300E0     165                         JMPG      F0030                ; CHR,LB,UB,RA
0X00D0             166  T0020                  EQU       *                    ; CHR,LB,UB,RA
0X00D0  05         167                         SWAP                           ; CHR,LB,RA,UB
0X00D1  040001     168                         DISCARD   #0D1                 ; CHR,LB,RA
Page   4  Potato1.stm

    LC  Object    Line  Source Line
------  --------  ----  -------------------------------------------------------------
0X00D4  05         169                         SWAP                           ; CHR,RA,LB
0X00D5  040001     170                         DISCARD   #0D1                 ; CHR,RA
0X00D8  0100FFFF   171                         PUSH      #0XFFFF              ; CHR,RA,true
0X00DC  05         172                         SWAP                           ; CHR,true,RA
0X00DD  8000ED     173                         JMP       E0040                ; CHR,true,RA
0X00E0             174  F0030                  EQU       *                    ; CHR,LB,UB,RA
0X00E0  05         175                         SWAP                           ; CHR,LB,RA,UB
0X00E1  040001     176                         DISCARD   #0D1                 ; CHR,LB,RA
0X00E4  05         177                         SWAP                           ; CHR,RA,LB
0X00E5  040001     178                         DISCARD   #0D1                 ; CHR,RA
0X00E8  01000000   179                         PUSH      #0X0000              ; CHR,RA,false
0X00EC  05         180                         SWAP                           ; CHR,false,RA
0X00ED             181  E0040                  EQU       *                    ; CHR,true-or-false,RA
0X00ED  A1         182                         RETURN                         ; CHR,true-or-false,RA
0X00EE             183  ;------------------------------------------------------------
0X00EE             184  ; Issue "Run-time error #X..X near line #X..X" to handle run-time errors
0X00EE             185  ;------------------------------------------------------------
0X00EE             186  HANDLERUNTIMEERROR     EQU       *
0X00EE  FF002A     187                         SVC       #SVC_WRITE_ENDL
0X00F1  020A01A4   188                         PUSHA     SB:0D420
0X00F5  FF0033     189                         SVC       #SVC_WRITE_STRING
0X00F8  FF000B     190                         SVC       #SVC_WRITE_INTEGER
0X00FB  020A01B6   191                         PUSHA     SB:0D438
0X00FF  FF0033     192                         SVC       #SVC_WRITE_STRING
0X0102  FF000B     193                         SVC       #SVC_WRITE_INTEGER
0X0105  FF002A     194                         SVC       #SVC_WRITE_ENDL
0X0108  01000001   195                         PUSH      #0D1
0X010C  FF0001     196                         SVC       #SVC_TERMINATE
0X010F             197  ;------------------------------------------------------------
0X010F             198  ; Static allocation of global data and PROGRAM module data
0X010F             199  ;------------------------------------------------------------
0X010F             200  STATICDATA             EQU       *
0X010F  001A001A   201                         DS        "Normal program termination"
0X0113  004E006F
0X0117  0072006D
0X011B  0061006C
0X011F  00200070
0X0123  0072006F
0X0127  00670072
0X012B  0061006D
0X012F  00200074
0X0133  00650072
0X0137  006D0069
0X013B  006E0061
0X013F  00740069
0X0143  006F006E
0X0147  00180018   202                         DS        "\"Hello, Spud World!\"\n"
0X014B  005C0022
0X014F  00480065
0X0153  006C006C
0X0157  006F002C
0X015B  00200053
0X015F  00700075
0X0163  00640020
0X0167  0057006F
0X016B  0072006C
Page   5  Potato1.stm

    LC  Object    Line  Source Line
------  --------  ----  -------------------------------------------------------------
0X016F  00640021
0X0173  005C0022
0X0177  005C006E
0X017B  001B001B   203                         DS        "\"Welcome to Potato Land!\""
0X017F  005C0022
0X0183  00570065
0X0187  006C0063
0X018B  006F006D
0X018F  00650020
0X0193  0074006F
0X0197  00200050
0X019B  006F0074
0X019F  00610074
0X01A3  006F0020
0X01A7  004C0061
0X01AB  006E0064
0X01AF  0021005C
0X01B3  0022    
0X01B5  000A000A   204                         DS        "\"Potatoes"
0X01B9  005C0022
0X01BD  0050006F
0X01C1  00740061
0X01C5  0074006F
0X01C9  00650073
0X01CD  00050005   205                         DS        " are "
0X01D1  00200061
0X01D5  00720065
0X01D9  0020    
0X01DB  00080008   206                         DS        "great!\""
0X01DF  00670072
0X01E3  00650061
0X01E7  00740021
0X01EB  005C0022
0X01EF  002F002F   207                         DS        "\"The farmer exclaimed, \\\"Harvest time!\\\"\""
0X01F3  005C0022
0X01F7  00540068
0X01FB  00650020
0X01FF  00660061
0X0203  0072006D
0X0207  00650072
0X020B  00200065
0X020F  00780063
0X0213  006C0061
0X0217  0069006D
0X021B  00650064
0X021F  002C0020
0X0223  005C005C
0X0227  005C0022
0X022B  00480061
0X022F  00720076
0X0233  00650073
0X0237  00740020
0X023B  00740069
0X023F  006D0065
0X0243  0021005C
0X0247  005C005C
Page   6  Potato1.stm

    LC  Object    Line  Source Line
------  --------  ----  -------------------------------------------------------------
0X024B  0022005C
0X024F  0022    
0X0251  00410041   208                         DS        "\"Types of Potatoes:\n1. Yukon Gold\n2. Russet\n3. Sweet Potato\""
0X0255  005C0022
0X0259  00540079
0X025D  00700065
0X0261  00730020
0X0265  006F0066
0X0269  00200050
0X026D  006F0074
0X0271  00610074
0X0275  006F0065
0X0279  0073003A
0X027D  005C006E
0X0281  0031002E
0X0285  00200059
0X0289  0075006B
0X028D  006F006E
0X0291  00200047
0X0295  006F006C
0X0299  0064005C
0X029D  006E0032
0X02A1  002E0020
0X02A5  00520075
0X02A9  00730073
0X02AD  00650074
0X02B1  005C006E
0X02B5  0033002E
0X02B9  00200053
0X02BD  00770065
0X02C1  00650074
0X02C5  00200050
0X02C9  006F0074
0X02CD  00610074
0X02D1  006F005C
0X02D5  0022    
0X02D7  003B003B   209                         DS        "\"Menu:\tPotato Fries\n\tPotato Wedges\n\tMashed Potatoes\""
0X02DB  005C0022
0X02DF  004D0065
0X02E3  006E0075
0X02E7  003A005C
0X02EB  00740050
0X02EF  006F0074
0X02F3  00610074
0X02F7  006F0020
0X02FB  00460072
0X02FF  00690065
0X0303  0073005C
0X0307  006E005C
0X030B  00740050
0X030F  006F0074
0X0313  00610074
0X0317  006F0020
0X031B  00570065
0X031F  00640067
0X0323  00650073
Page   7  Potato1.stm

    LC  Object    Line  Source Line
------  --------  ----  -------------------------------------------------------------
0X0327  005C006E
0X032B  005C0074
0X032F  004D0061
0X0333  00730068
0X0337  00650064
0X033B  00200050
0X033F  006F0074
0X0343  00610074
0X0347  006F0065
0X034B  0073005C
0X034F  0022    
0X0351  00140014   210                         DS        "'Potatoes are life!'"
0X0355  00270050
0X0359  006F0074
0X035D  00610074
0X0361  006F0065
0X0365  00730020
0X0369  00610072
0X036D  00650020
0X0371  006C0069
0X0375  00660065
0X0379  00210027
0X037D  00170017   211                         DS        "\"Price per lb: $4.99\""
0X0381  005C0022
0X0385  00500072
0X0389  00690063
0X038D  00650020
0X0391  00700065
0X0395  00720020
0X0399  006C0062
0X039D  003A0020
0X03A1  00240034
0X03A5  002E0039
0X03A9  0039005C
0X03AD  0022    
0X03AF  00090009   212                         DS        "\"Let's\""
0X03B3  005C0022
0X03B7  004C0065
0X03BB  00740027
0X03BF  0073005C
0X03C3  0022    
0X03C5  00010001   213                         DS        " "
0X03C9  0020    
0X03CB  00080008   214                         DS        "\"grow\""
0X03CF  005C0022
0X03D3  00670072
0X03D7  006F0077
0X03DB  005C0022
0X03DF  00010001   215                         DS        " "
0X03E3  0020    
0X03E5  000D000D   216                         DS        "\"potatoes!\""
0X03E9  005C0022
0X03ED  0070006F
0X03F1  00740061
0X03F5  0074006F
0X03F9  00650073
Page   8  Potato1.stm

    LC  Object    Line  Source Line
------  --------  ----  -------------------------------------------------------------
0X03FD  0021005C
0X0401  0022    
0X0403  00280028   217                         DS        "\"Farm report: \", \"100% potato yield\""
0X0407  005C0022
0X040B  00460061
0X040F  0072006D
0X0413  00200072
0X0417  00650070
0X041B  006F0072
0X041F  0074003A
0X0423  0020005C
0X0427  0022002C
0X042B  0020005C
0X042F  00220031
0X0433  00300030
0X0437  00250020
0X043B  0070006F
0X043F  00740061
0X0443  0074006F
0X0447  00200079
0X044B  00690065
0X044F  006C0064
0X0453  005C0022
0X0457  00100010   218                         DS        "Run-time error #"
0X045B  00520075
0X045F  006E002D
0X0463  00740069
0X0467  006D0065
0X046B  00200065
0X046F  00720072
0X0473  006F0072
0X0477  00200023
0X047B  000C000C   219                         DS        " near line #"
0X047F  0020006E
0X0483  00650061
0X0487  00720020
0X048B  006C0069
0X048F  006E0065
0X0493  00200023
0X0497             220  ;------------------------------------------------------------
0X0497             221  ; Heap space for dynamic memory allocation (to support future SPL syntax)
0X0497             222  ;------------------------------------------------------------
0X0497             223  HEAPBASE               EQU       *
0X0497             224  HEAPSIZE               EQU       0B0010000000000000   ; 8K bytes = 4K words
0X0497             225  ;------------------------------------------------------------
0X0497             226  ; Run-time stack
0X0497             227  ;------------------------------------------------------------
0X0497             228  RUNTIMESTACK           EQU       0XFFFE


  PC   SP TOS0 TOS1 TOS2 mnemonic  information
---- ---- ---- ---- ---- --------- ----------------------------------------------
0000 FFFE                 JMP       0X0003
0003 FFFE                 PUSH      #memory[EA = 0X0005] = 0XFFFE
0007 FFFC FFFE            POPSP     SP = 0XFFFE
0008 FFFE                 PUSHA     memory[EA = 0X010F]
000C FFFC 010F            POPSB     SB = 0X010F
000D FFFE                 PUSH      #memory[EA = 0X000F] = 0X0497
0011 FFFC 0497            PUSH      #memory[EA = 0X0013] = 0X2000
-------------------------------------------------------------
FREE nodes list
   0X0497:0X2496(0X1FFC)
-------------------------------------------------------------
0015 FFFA 2000 0497       SVC       #90 initialize heap, heapBase = 0X0497, heapSize = 0X2000 words
0018 FFFE                 CALL      0X002C return to 0X001B
002C FFFC 001B            PUSHA     SB( 28) memory[EA = 0X0147]
"Hello, Spud World!"
0030 FFFA 0147 001B       SVC       #51 write string
0033 FFFC 001B            PUSHA     SB( 54) memory[EA = 0X017B]
0037 FFFA 017B 001B       SVC       #51 write string
"Welcome to Potato Land!"
003A FFFC 001B            SVC       #42 write ENDL
003D FFFC 001B            PUSHA     SB( 83) memory[EA = 0X01B5]
0041 FFFA 01B5 001B       SVC       #51 write string
0044 FFFC 001B            PUSHA     SB( 95) memory[EA = 0X01CD]
0048 FFFA 01CD 001B       SVC       #51 write string
004B FFFC 001B            PUSHA     SB(102) memory[EA = 0X01DB]
004F FFFA 01DB 001B       SVC       #51 write string
"Potatoes are great!"
0052 FFFC 001B            SVC       #42 write ENDL
0055 FFFC 001B            PUSHA     SB(112) memory[EA = 0X01EF]
0059 FFFA 01EF 001B       SVC       #51 write string
"The farmer exclaimed, \"Harvest time!\""
005C FFFC 001B            SVC       #42 write ENDL
005F FFFC 001B            PUSHA     SB(161) memory[EA = 0X0251]
"Types of Potatoes:
1. Yukon Gold
2. Russet
0063 FFFA 0251 001B       SVC       #51 write string
3. Sweet Potato"
0066 FFFC 001B            SVC       #42 write ENDL
0069 FFFC 001B            PUSHA     SB(228) memory[EA = 0X02D7]
"Menu:	Potato Fries
	Potato Wedges
006D FFFA 02D7 001B       SVC       #51 write string
	Mashed Potatoes"
0070 FFFC 001B            SVC       #42 write ENDL
0073 FFFC 001B            PUSHA     SB(289) memory[EA = 0X0351]
0077 FFFA 0351 001B       SVC       #51 write string
'Potatoes are life!'
007A FFFC 001B            SVC       #42 write ENDL
007D FFFC 001B            PUSHA     SB(311) memory[EA = 0X037D]
0081 FFFA 037D 001B       SVC       #51 write string
"Price per lb: $4.99"
0084 FFFC 001B            SVC       #42 write ENDL
0087 FFFC 001B            PUSHA     SB(336) memory[EA = 0X03AF]
008B FFFA 03AF 001B       SVC       #51 write string
008E FFFC 001B            PUSHA     SB(347) memory[EA = 0X03C5]
0092 FFFA 03C5 001B       SVC       #51 write string
0095 FFFC 001B            PUSHA     SB(350) memory[EA = 0X03CB]
0099 FFFA 03CB 001B       SVC       #51 write string
009C FFFC 001B            PUSHA     SB(360) memory[EA = 0X03DF]
00A0 FFFA 03DF 001B       SVC       #51 write string
00A3 FFFC 001B            PUSHA     SB(363) memory[EA = 0X03E5]
00A7 FFFA 03E5 001B       SVC       #51 write string
"Let's" "grow" "potatoes!"
00AA FFFC 001B            SVC       #42 write ENDL
00AD FFFC 001B            PUSHA     SB(378) memory[EA = 0X0403]
00B1 FFFA 0403 001B       SVC       #51 write string
"Farm report: ", "100% potato yield"
00B4 FFFC 001B            SVC       #42 write ENDL
00B7 FFFC 001B            RETURN    to 0X001B
001B FFFE                 PUSHA     SB(  0) memory[EA = 0X010F]
001F FFFC 010F            SVC       #51 write string
Normal program termination
0022 FFFE                 SVC       #42 write ENDL
0025 FFFE                 PUSH      #memory[EA = 0X0027] = 0X0000
0029 FFFC 0000            SVC       #1 terminate program with status 0, SP = 0XFFFE

